
/home/runner/work/exp-directional-coupler-measuring-iitr/exp-directional-coupler-measuring-iitr/experiment/simulation/js/demo.js
  6:35  error  Parsing error: Invalid number

/home/runner/work/exp-directional-coupler-measuring-iitr/exp-directional-coupler-measuring-iitr/experiment/simulation/js/demo1.js
    1:5    warning  'rightconnection' is assigned a value but never used  no-unused-vars
    2:5    warning  'datapoints1' is assigned a value but never used      no-unused-vars
    3:5    warning  'knobFlag' is assigned a value but never used         no-unused-vars
    4:1    warning  'jsPlumb' is not defined                              no-undef
    9:9    warning  'addDisc' is assigned a value but never used          no-unused-vars
   11:17   warning  'e' is assigned a value but never used                no-unused-vars
   18:9    warning  'reset' is assigned a value but never used            no-unused-vars
   31:48   warning  'e' is defined but never used                         no-unused-vars
   31:51   warning  'ui' is defined but never used                        no-unused-vars
   33:21   warning  'jsPlumb' is not defined                              no-undef
   75:16   warning  'jsPlumb' is not defined                              no-undef
   84:13   warning  'e1' is assigned a value but never used               no-unused-vars
   85:13   warning  'e2' is assigned a value but never used               no-unused-vars
   87:13   warning  'e4' is assigned a value but never used               no-unused-vars
   88:13   warning  'e5' is assigned a value but never used               no-unused-vars
   90:13   warning  'clearBtn' is assigned a value but never used         no-unused-vars
   90:24   warning  'jsPlumb' is not defined                              no-undef
   91:13   warning  'addBtn' is assigned a value but never used           no-unused-vars
   91:22   warning  'jsPlumb' is not defined                              no-undef
   93:28   warning  'jsPlumb' is not defined                              no-undef
   96:17   warning  'jsPlumbUtil' is not defined                          no-undef
  101:17   warning  'showConnectionInfo' is not defined                   no-undef
  102:17   warning  'jsPlumbUtil' is not defined                          no-undef
  109:5    warning  'jsPlumb' is not defined                              no-undef
  213:85   warning  '$' is not defined                                    no-undef
  213:129  warning  '$' is not defined                                    no-undef
  214:12   warning  '$' is not defined                                    no-undef
  214:56   warning  '$' is not defined                                    no-undef
  216:13   warning  'Swal' is not defined                                 no-undef
  251:17   warning  'Swal' is not defined                                 no-undef
  268:17   warning  'Swal' is not defined                                 no-undef
  285:17   warning  'Swal' is not defined                                 no-undef
  300:17   warning  'Swal' is not defined                                 no-undef

/home/runner/work/exp-directional-coupler-measuring-iitr/exp-directional-coupler-measuring-iitr/experiment/simulation/js/demo2.js
    1:5    warning  'rightconnection' is assigned a value but never used  no-unused-vars
    2:5    warning  'datapoints1' is assigned a value but never used      no-unused-vars
    3:5    warning  'knobFlag' is assigned a value but never used         no-unused-vars
    4:1    warning  'jsPlumb' is not defined                              no-undef
    9:9    warning  'addDisc' is assigned a value but never used          no-unused-vars
   11:17   warning  'e' is assigned a value but never used                no-unused-vars
   18:9    warning  'reset' is assigned a value but never used            no-unused-vars
   31:48   warning  'e' is defined but never used                         no-unused-vars
   31:51   warning  'ui' is defined but never used                        no-unused-vars
   33:21   warning  'jsPlumb' is not defined                              no-undef
   75:16   warning  'jsPlumb' is not defined                              no-undef
   84:13   warning  'e1' is assigned a value but never used               no-unused-vars
   85:13   warning  'e2' is assigned a value but never used               no-unused-vars
   87:13   warning  'e4' is assigned a value but never used               no-unused-vars
   88:13   warning  'e5' is assigned a value but never used               no-unused-vars
   90:13   warning  'clearBtn' is assigned a value but never used         no-unused-vars
   90:24   warning  'jsPlumb' is not defined                              no-undef
   91:13   warning  'addBtn' is assigned a value but never used           no-unused-vars
   91:22   warning  'jsPlumb' is not defined                              no-undef
   93:28   warning  'jsPlumb' is not defined                              no-undef
   96:17   warning  'jsPlumbUtil' is not defined                          no-undef
  101:17   warning  'showConnectionInfo' is not defined                   no-undef
  102:17   warning  'jsPlumbUtil' is not defined                          no-undef
  109:5    warning  'jsPlumb' is not defined                              no-undef
  213:85   warning  '$' is not defined                                    no-undef
  213:129  warning  '$' is not defined                                    no-undef
  213:173  warning  '$' is not defined                                    no-undef
  213:217  warning  '$' is not defined                                    no-undef
  214:12   warning  '$' is not defined                                    no-undef
  214:56   warning  '$' is not defined                                    no-undef
  216:13   warning  'Swal' is not defined                                 no-undef
  254:17   warning  'Swal' is not defined                                 no-undef
  271:13   warning  'Swal' is not defined                                 no-undef
  287:13   warning  'Swal' is not defined                                 no-undef
  302:13   warning  'Swal' is not defined                                 no-undef

/home/runner/work/exp-directional-coupler-measuring-iitr/exp-directional-coupler-measuring-iitr/experiment/simulation/js/demo3.js
    1:5    warning  'rightconnection' is assigned a value but never used  no-unused-vars
    2:5    warning  'datapoints1' is assigned a value but never used      no-unused-vars
    3:5    warning  'knobFlag' is assigned a value but never used         no-unused-vars
    4:1    warning  'jsPlumb' is not defined                              no-undef
    9:9    warning  'addDisc' is assigned a value but never used          no-unused-vars
   11:17   warning  'e' is assigned a value but never used                no-unused-vars
   18:9    warning  'reset' is assigned a value but never used            no-unused-vars
   31:48   warning  'e' is defined but never used                         no-unused-vars
   31:51   warning  'ui' is defined but never used                        no-unused-vars
   33:21   warning  'jsPlumb' is not defined                              no-undef
   75:16   warning  'jsPlumb' is not defined                              no-undef
   84:13   warning  'e1' is assigned a value but never used               no-unused-vars
   85:13   warning  'e2' is assigned a value but never used               no-unused-vars
   87:13   warning  'e4' is assigned a value but never used               no-unused-vars
   88:13   warning  'e5' is assigned a value but never used               no-unused-vars
   90:13   warning  'clearBtn' is assigned a value but never used         no-unused-vars
   90:24   warning  'jsPlumb' is not defined                              no-undef
   91:13   warning  'addBtn' is assigned a value but never used           no-unused-vars
   91:22   warning  'jsPlumb' is not defined                              no-undef
   93:28   warning  'jsPlumb' is not defined                              no-undef
   96:17   warning  'jsPlumbUtil' is not defined                          no-undef
  101:17   warning  'showConnectionInfo' is not defined                   no-undef
  102:17   warning  'jsPlumbUtil' is not defined                          no-undef
  109:5    warning  'jsPlumb' is not defined                              no-undef
  213:85   warning  '$' is not defined                                    no-undef
  213:129  warning  '$' is not defined                                    no-undef
  213:173  warning  '$' is not defined                                    no-undef
  213:217  warning  '$' is not defined                                    no-undef
  214:12   warning  '$' is not defined                                    no-undef
  214:56   warning  '$' is not defined                                    no-undef
  216:13   warning  'Swal' is not defined                                 no-undef
  254:17   warning  'Swal' is not defined                                 no-undef
  271:17   warning  'Swal' is not defined                                 no-undef
  289:21   warning  'Swal' is not defined                                 no-undef
  304:21   warning  'Swal' is not defined                                 no-undef

/home/runner/work/exp-directional-coupler-measuring-iitr/exp-directional-coupler-measuring-iitr/experiment/simulation/js/jogDial.js
    9:20  warning  Shadowing of global property 'undefined'      no-shadow-restricted-names
  189:6   warning  Unnecessary semicolon                         no-extra-semi
  257:6   warning  Unnecessary semicolon                         no-extra-semi
  316:6   warning  Unnecessary semicolon                         no-extra-semi
  329:6   warning  Unnecessary semicolon                         no-extra-semi
  370:12  warning  'knobFlag' is not defined                     no-undef
  392:8   warning  Unnecessary semicolon                         no-extra-semi
  396:12  warning  'knobFlag' is not defined                     no-undef
  450:8   warning  Unnecessary semicolon                         no-extra-semi
  454:12  warning  'knobFlag' is not defined                     no-undef
  467:10  warning  Unnecessary semicolon                         no-extra-semi
  470:6   warning  Unnecessary semicolon                         no-extra-semi
  493:6   warning  Unnecessary semicolon                         no-extra-semi
  497:41  warning  'define' is not defined                       no-undef
  499:9   warning  'define' is not defined                       no-undef
  504:9   warning  'module' is not defined                       no-undef
  511:12  warning  'myFunction' is defined but never used        no-unused-vars
  520:19  warning  'ko' is not defined                           no-undef
  522:2   warning  'ko' is not defined                           no-undef
  530:6   warning  'bar' is assigned a value but never used      no-unused-vars
  532:11  warning  'dialOne' is assigned a value but never used  no-unused-vars
  532:21  warning  'JogDial' is not defined                      no-undef
  538:28  warning  'ko' is not defined                           no-undef
  540:11  warning  'ko' is not defined                           no-undef
  543:8   warning  'bar1' is assigned a value but never used     no-unused-vars
  544:15  warning  'dialtwo' is assigned a value but never used  no-unused-vars
  544:25  warning  'JogDial' is not defined                      no-undef
  549:17  warning  'J' is not defined                            no-undef
  552:18  warning  'J' is not defined                            no-undef
  555:19  warning  'J' is not defined                            no-undef
  559:12  warning  'K' is not defined                            no-undef
  560:12  warning  'L' is not defined                            no-undef
  569:16  warning  'fps' is assigned a value but never used      no-unused-vars
  586:32  warning  'J' is not defined                            no-undef
  586:51  warning  'K' is not defined                            no-undef
  586:59  warning  'L' is not defined                            no-undef
  605:32  warning  'ko' is not defined                           no-undef
  612:15  warning  'ko' is not defined                           no-undef
  616:19  warning  'bar2' is assigned a value but never used     no-unused-vars
  617:15  warning  'dial3' is assigned a value but never used    no-unused-vars
  617:23  warning  'JogDial' is not defined                      no-undef
  620:19  warning  'bar3' is assigned a value but never used     no-unused-vars
  621:15  warning  'dial4' is assigned a value but never used    no-unused-vars
  621:23  warning  'JogDial' is not defined                      no-undef
  625:19  warning  'bar4' is assigned a value but never used     no-unused-vars
  626:19  warning  'dial5' is assigned a value but never used    no-unused-vars
  626:27  warning  'JogDial' is not defined                      no-undef
  629:23  warning  'bar5' is assigned a value but never used     no-unused-vars
  630:15  warning  'dial6' is assigned a value but never used    no-unused-vars
  630:23  warning  'JogDial' is not defined                      no-undef
  632:13  warning  Mixed spaces and tabs                         no-mixed-spaces-and-tabs
  638:10  warning  'validate' is defined but never used          no-unused-vars
  643:5   warning  'Swal' is not defined                         no-undef
  660:5   warning  'Swal' is not defined                         no-undef
  674:5   warning  'Swal' is not defined                         no-undef
  688:5   warning  'Swal' is not defined                         no-undef
  713:1   warning  'Swal' is not defined                         no-undef
  735:7   warning  'Swal' is not defined                         no-undef
  769:5   warning  'Swal' is not defined                         no-undef

/home/runner/work/exp-directional-coupler-measuring-iitr/exp-directional-coupler-measuring-iitr/experiment/simulation/js/jogDial2.js
    9:20  warning  Shadowing of global property 'undefined'         no-shadow-restricted-names
   19:8   warning  'b' is defined but never used                    no-unused-vars
  189:6   warning  Unnecessary semicolon                            no-extra-semi
  257:6   warning  Unnecessary semicolon                            no-extra-semi
  316:6   warning  Unnecessary semicolon                            no-extra-semi
  329:6   warning  Unnecessary semicolon                            no-extra-semi
  370:12  warning  'knobFlag' is not defined                        no-undef
  392:8   warning  Unnecessary semicolon                            no-extra-semi
  396:12  warning  'knobFlag' is not defined                        no-undef
  450:8   warning  Unnecessary semicolon                            no-extra-semi
  454:12  warning  'knobFlag' is not defined                        no-undef
  467:10  warning  Unnecessary semicolon                            no-extra-semi
  470:6   warning  Unnecessary semicolon                            no-extra-semi
  493:6   warning  Unnecessary semicolon                            no-extra-semi
  497:41  warning  'define' is not defined                          no-undef
  499:9   warning  'define' is not defined                          no-undef
  504:9   warning  'module' is not defined                          no-undef
  511:12  warning  'myFunction' is defined but never used           no-unused-vars
  512:5   warning  'a' is not defined                               no-undef
  513:5   warning  'b' is not defined                               no-undef
  519:21  warning  'ko' is not defined                              no-undef
  524:11  warning  'viewModel' is already defined                   no-redeclare
  525:21  warning  'ko' is not defined                              no-undef
  528:9   warning  'J' is not defined                               no-undef
  529:23  warning  'b' is not defined                               no-undef
  529:33  warning  'b' is not defined                               no-undef
  531:22  warning  'J' is not defined                               no-undef
  533:24  warning  'b' is not defined                               no-undef
  533:33  warning  'b' is not defined                               no-undef
  534:23  warning  'J' is not defined                               no-undef
  538:16  warning  'K' is not defined                               no-undef
  539:16  warning  'L' is not defined                               no-undef
  548:20  warning  'fps' is assigned a value but never used         no-unused-vars
  552:16  warning  Move function declaration to function body root  no-inner-declarations
  565:36  warning  'J' is not defined                               no-undef
  565:55  warning  'K' is not defined                               no-undef
  565:63  warning  'L' is not defined                               no-undef
  576:45  warning  Move function declaration to function body root  no-inner-declarations
  584:2   warning  'ko' is not defined                              no-undef
  593:6   warning  'bar' is assigned a value but never used         no-unused-vars
  595:11  warning  'dialOne' is assigned a value but never used     no-unused-vars
  595:21  warning  'JogDial' is not defined                         no-undef
  601:28  warning  'ko' is not defined                              no-undef
  603:11  warning  'ko' is not defined                              no-undef
  605:14  warning  Mixed spaces and tabs                            no-mixed-spaces-and-tabs
  606:8   warning  'bar1' is assigned a value but never used        no-unused-vars
  607:15  warning  'dialtwo' is assigned a value but never used     no-unused-vars
  607:25  warning  'JogDial' is not defined                         no-undef
  611:17  warning  'b' is not defined                               no-undef
  615:21  warning  'viewModel' is already defined                   no-redeclare
  616:32  warning  'ko' is not defined                              no-undef
  623:15  warning  'ko' is not defined                              no-undef
  627:19  warning  'bar2' is assigned a value but never used        no-unused-vars
  628:15  warning  'dial3' is assigned a value but never used       no-unused-vars
  628:23  warning  'JogDial' is not defined                         no-undef
  631:19  warning  'bar3' is assigned a value but never used        no-unused-vars
  632:15  warning  'dial4' is assigned a value but never used       no-unused-vars
  632:23  warning  'JogDial' is not defined                         no-undef
  636:19  warning  'bar4' is assigned a value but never used        no-unused-vars
  637:19  warning  'dial5' is assigned a value but never used       no-unused-vars
  637:27  warning  'JogDial' is not defined                         no-undef
  640:23  warning  'bar5' is assigned a value but never used        no-unused-vars
  641:15  warning  'dial6' is assigned a value but never used       no-unused-vars
  641:23  warning  'JogDial' is not defined                         no-undef
  643:13  warning  Mixed spaces and tabs                            no-mixed-spaces-and-tabs
  650:10  warning  'validate' is defined but never used             no-unused-vars
  655:5   warning  'Swal' is not defined                            no-undef
  669:3   warning  'Swal' is not defined                            no-undef
  685:11  warning  'b' is not defined                               no-undef
  685:21  warning  'b' is not defined                               no-undef
  685:46  warning  'b' is not defined                               no-undef
  685:56  warning  'b' is not defined                               no-undef
  689:1   warning  'Swal' is not defined                            no-undef
  711:5   warning  'Swal' is not defined                            no-undef
  744:5   warning  'Swal' is not defined                            no-undef

/home/runner/work/exp-directional-coupler-measuring-iitr/exp-directional-coupler-measuring-iitr/experiment/simulation/js/jogDial3.js
    9:20  warning  Shadowing of global property 'undefined'         no-shadow-restricted-names
   19:8   warning  'b' is defined but never used                    no-unused-vars
  189:6   warning  Unnecessary semicolon                            no-extra-semi
  257:6   warning  Unnecessary semicolon                            no-extra-semi
  316:6   warning  Unnecessary semicolon                            no-extra-semi
  329:6   warning  Unnecessary semicolon                            no-extra-semi
  370:12  warning  'knobFlag' is not defined                        no-undef
  392:8   warning  Unnecessary semicolon                            no-extra-semi
  396:12  warning  'knobFlag' is not defined                        no-undef
  450:8   warning  Unnecessary semicolon                            no-extra-semi
  454:12  warning  'knobFlag' is not defined                        no-undef
  467:10  warning  Unnecessary semicolon                            no-extra-semi
  470:6   warning  Unnecessary semicolon                            no-extra-semi
  493:6   warning  Unnecessary semicolon                            no-extra-semi
  497:41  warning  'define' is not defined                          no-undef
  499:9   warning  'define' is not defined                          no-undef
  504:9   warning  'module' is not defined                          no-undef
  511:12  warning  'myFunction' is defined but never used           no-unused-vars
  512:5   warning  'a' is not defined                               no-undef
  513:5   warning  'b' is not defined                               no-undef
  519:21  warning  'ko' is not defined                              no-undef
  524:11  warning  'viewModel' is already defined                   no-redeclare
  525:21  warning  'ko' is not defined                              no-undef
  528:9   warning  'J' is not defined                               no-undef
  529:23  warning  'b' is not defined                               no-undef
  529:33  warning  'b' is not defined                               no-undef
  531:22  warning  'J' is not defined                               no-undef
  533:24  warning  'b' is not defined                               no-undef
  533:33  warning  'b' is not defined                               no-undef
  534:23  warning  'J' is not defined                               no-undef
  537:16  warning  'K' is not defined                               no-undef
  538:16  warning  'L' is not defined                               no-undef
  547:20  warning  'fps' is assigned a value but never used         no-unused-vars
  551:16  warning  Move function declaration to function body root  no-inner-declarations
  564:36  warning  'J' is not defined                               no-undef
  564:55  warning  'K' is not defined                               no-undef
  564:63  warning  'L' is not defined                               no-undef
  575:45  warning  Move function declaration to function body root  no-inner-declarations
  583:2   warning  'ko' is not defined                              no-undef
  592:6   warning  'bar' is assigned a value but never used         no-unused-vars
  594:11  warning  'dialOne' is assigned a value but never used     no-unused-vars
  594:21  warning  'JogDial' is not defined                         no-undef
  600:28  warning  'ko' is not defined                              no-undef
  602:11  warning  'ko' is not defined                              no-undef
  604:14  warning  Mixed spaces and tabs                            no-mixed-spaces-and-tabs
  605:8   warning  'bar1' is assigned a value but never used        no-unused-vars
  606:15  warning  'dialtwo' is assigned a value but never used     no-unused-vars
  606:25  warning  'JogDial' is not defined                         no-undef
  610:17  warning  'b' is not defined                               no-undef
  614:21  warning  'viewModel' is already defined                   no-redeclare
  615:32  warning  'ko' is not defined                              no-undef
  622:15  warning  'ko' is not defined                              no-undef
  626:19  warning  'bar2' is assigned a value but never used        no-unused-vars
  627:15  warning  'dial3' is assigned a value but never used       no-unused-vars
  627:23  warning  'JogDial' is not defined                         no-undef
  630:19  warning  'bar3' is assigned a value but never used        no-unused-vars
  631:15  warning  'dial4' is assigned a value but never used       no-unused-vars
  631:23  warning  'JogDial' is not defined                         no-undef
  635:19  warning  'bar4' is assigned a value but never used        no-unused-vars
  636:19  warning  'dial5' is assigned a value but never used       no-unused-vars
  636:27  warning  'JogDial' is not defined                         no-undef
  639:23  warning  'bar5' is assigned a value but never used        no-unused-vars
  640:15  warning  'dial6' is assigned a value but never used       no-unused-vars
  640:23  warning  'JogDial' is not defined                         no-undef
  642:13  warning  Mixed spaces and tabs                            no-mixed-spaces-and-tabs
  649:10  warning  'validate' is defined but never used             no-unused-vars
  654:5   warning  'Swal' is not defined                            no-undef
  668:5   warning  'Swal' is not defined                            no-undef
  683:12  warning  'b' is not defined                               no-undef
  683:22  warning  'b' is not defined                               no-undef
  683:47  warning  'b' is not defined                               no-undef
  683:57  warning  'b' is not defined                               no-undef
  685:1   warning  'Swal' is not defined                            no-undef
  704:5   warning  'Swal' is not defined                            no-undef

/home/runner/work/exp-directional-coupler-measuring-iitr/exp-directional-coupler-measuring-iitr/experiment/simulation/js/jquery-ui.min.js
   5:4148   warning  'jQuery' is not defined                                                    no-undef
   5:4315   warning  Empty block statement                                                      no-empty
   5:5549   warning  Do not access Object.prototype method 'hasOwnProperty' from target object  no-prototype-builtins
   5:10500  warning  'jQuery' is not defined                                                    no-undef
   5:13205  warning  'jQuery' is not defined                                                    no-undef
   5:31628  warning  'jQuery' is not defined                                                    no-undef
   6:5339   warning  'jQuery' is not defined                                                    no-undef
   6:22476  warning  'jQuery' is not defined                                                    no-undef
   6:26405  warning  'jQuery' is not defined                                                    no-undef
   7:1892   warning  Unnecessary escape character: \-                                           no-useless-escape
   7:18058  warning  'jQuery' is not defined                                                    no-undef
   7:18832  warning  Unnecessary escape character: \-                                           no-useless-escape
   7:19025  warning  Unnecessary escape character: \%                                           no-useless-escape
   7:19049  warning  Unnecessary escape character: \%                                           no-useless-escape
   7:19073  warning  Unnecessary escape character: \%                                           no-useless-escape
   7:19488  warning  Unnecessary escape character: \%                                           no-useless-escape
   7:19512  warning  Unnecessary escape character: \%                                           no-useless-escape
   7:23868  warning  Empty block statement                                                      no-empty
   7:23959  warning  Empty block statement                                                      no-empty
   7:24586  warning  'jQuery' is not defined                                                    no-undef
   7:25339  warning  'jQuery' is not defined                                                    no-undef
   7:30894  warning  'jQuery' is not defined                                                    no-undef
   8:7017   warning  'jQuery' is not defined                                                    no-undef
   8:14001  warning  Unnecessary escape character: \-                                           no-useless-escape
   8:14003  warning  Unnecessary escape character: \[                                           no-useless-escape
   8:14018  warning  Unnecessary escape character: \^                                           no-useless-escape
   8:14609  warning  'jQuery' is not defined                                                    no-undef
   8:21616  warning  'jQuery' is not defined                                                    no-undef
   8:25019  warning  Unnecessary escape character: \-                                           no-useless-escape
   9:1967   warning  Empty block statement                                                      no-empty
   9:13255  warning  Empty block statement                                                      no-empty
   9:13390  warning  Unnecessary escape character: \-                                           no-useless-escape
   9:21567  warning  Unnecessary escape character: \-                                           no-useless-escape
   9:21616  warning  Unnecessary escape character: \-                                           no-useless-escape
   9:23597  warning  Unnecessary escape character: \-                                           no-useless-escape
   9:23627  warning  Unnecessary escape character: \-                                           no-useless-escape
   9:25283  warning  'jQuery' is not defined                                                    no-undef
  10:4201   warning  'jQuery' is not defined                                                    no-undef
  10:5020   warning  'jQuery' is not defined                                                    no-undef
  10:5941   warning  'jQuery' is not defined                                                    no-undef
  10:6537   warning  'jQuery' is not defined                                                    no-undef
  10:7212   warning  'jQuery' is not defined                                                    no-undef
  10:8060   warning  'jQuery' is not defined                                                    no-undef
  10:8253   warning  'jQuery' is not defined                                                    no-undef
  10:8961   warning  'jQuery' is not defined                                                    no-undef
  10:9418   warning  'jQuery' is not defined                                                    no-undef
  10:9890   warning  'jQuery' is not defined                                                    no-undef
  10:14109  warning  'jQuery' is not defined                                                    no-undef
  10:14886  warning  'jQuery' is not defined                                                    no-undef
  10:15524  warning  'jQuery' is not defined                                                    no-undef
  10:16051  warning  'jQuery' is not defined                                                    no-undef
  10:18687  warning  Unnecessary escape character: \-                                           no-useless-escape
  10:18689  warning  Unnecessary escape character: \[                                           no-useless-escape
  10:18704  warning  Unnecessary escape character: \^                                           no-useless-escape
  10:25323  warning  'jQuery' is not defined                                                    no-undef
  10:25940  warning  Unnecessary escape character: \+                                           no-useless-escape
  10:25942  warning  Unnecessary escape character: \-                                           no-useless-escape
  10:31460  warning  'jQuery' is not defined                                                    no-undef
  11:1341   warning  'jQuery' is not defined                                                    no-undef
  11:11407  warning  'jQuery' is not defined                                                    no-undef
  11:16807  warning  'Globalize' is not defined                                                 no-undef
  11:16964  warning  'Globalize' is not defined                                                 no-undef
  11:18141  warning  'jQuery' is not defined                                                    no-undef
  11:21806  warning  Unnecessary escape character: \/                                           no-useless-escape
  11:21815  warning  Unnecessary escape character: \[                                           no-useless-escape
  11:21819  warning  Unnecessary escape character: \^                                           no-useless-escape
  11:24257  warning  Expected a conditional expression and instead saw an assignment            no-cond-assign
  11:29596  warning  'jQuery' is not defined                                                    no-undef
  12:2218   warning  'jQuery' is not defined                                                    no-undef

/home/runner/work/exp-directional-coupler-measuring-iitr/exp-directional-coupler-measuring-iitr/experiment/simulation/js/jquery.min.js
  3:446    warning  Unnecessary escape character: \/                                           no-useless-escape
  3:4632   warning  'ActiveXObject' is not defined                                             no-undef
  3:7137   warning  Empty block statement                                                      no-empty
  3:16131  warning  Empty block statement                                                      no-empty
  3:18273  warning  Empty block statement                                                      no-empty
  3:18591  warning  Expected a conditional expression and instead saw an assignment            no-cond-assign
  3:19009  warning  Expected a conditional expression and instead saw an assignment            no-cond-assign
  3:19365  warning  Expected a conditional expression and instead saw an assignment            no-cond-assign
  3:21454  warning  Expected a conditional expression and instead saw an assignment            no-cond-assign
  3:27744  warning  Empty block statement                                                      no-empty
  3:30473  warning  Empty block statement                                                      no-empty
  4:4552   warning  Unnecessary escape character: \=                                           no-useless-escape
  4:4869   warning  Expected a conditional expression and instead saw an assignment            no-cond-assign
  4:5357   warning  Expected a conditional expression and instead saw an assignment            no-cond-assign
  4:5372   warning  Expected a conditional expression and instead saw an assignment            no-cond-assign
  4:5858   warning  Expected a conditional expression and instead saw an assignment            no-cond-assign
  4:6094   warning  Empty block statement                                                      no-empty
  4:8221   warning  Expected a conditional expression and instead saw an assignment            no-cond-assign
  4:9588   warning  Expected a conditional expression and instead saw an assignment            no-cond-assign
  4:9702   warning  Expected a conditional expression and instead saw an assignment            no-cond-assign
  4:10078  warning  Expected a conditional expression and instead saw an assignment            no-cond-assign
  4:10116  warning  Expected a conditional expression and instead saw an assignment            no-cond-assign
  4:10556  warning  Empty block statement                                                      no-empty
  4:10752  warning  Expected a conditional expression and instead saw an assignment            no-cond-assign
  4:11066  warning  Expected a conditional expression and instead saw an assignment            no-cond-assign
  4:11238  warning  Expected a conditional expression and instead saw an assignment            no-cond-assign
  4:11875  warning  Expected a conditional expression and instead saw an assignment            no-cond-assign
  4:13611  warning  Expected a conditional expression and instead saw an assignment            no-cond-assign
  4:13849  warning  Expected a conditional expression and instead saw an assignment            no-cond-assign
  4:13997  warning  Expected a conditional expression and instead saw an assignment            no-cond-assign
  4:14335  warning  Do not access Object.prototype method 'hasOwnProperty' from target object  no-prototype-builtins
  4:15016  warning  Expected a conditional expression and instead saw an assignment            no-cond-assign
  4:17334  warning  Expected a conditional expression and instead saw an assignment            no-cond-assign
  4:17427  warning  Expected a conditional expression and instead saw an assignment            no-cond-assign
  4:17487  warning  Expected a conditional expression and instead saw an assignment            no-cond-assign
  4:18709  warning  Expected a conditional expression and instead saw an assignment            no-cond-assign
  4:19260  warning  Expected a conditional expression and instead saw an assignment            no-cond-assign
  4:19374  warning  Expected a conditional expression and instead saw an assignment            no-cond-assign
  4:20653  warning  Unnecessary escape character: \[                                           no-useless-escape
  4:20655  warning  Unnecessary escape character: \.                                           no-useless-escape
  4:27683  warning  Empty block statement                                                      no-empty
  5:217    warning  Expected a conditional expression and instead saw an assignment            no-cond-assign
  5:344    warning  Expected a conditional expression and instead saw an assignment            no-cond-assign
  5:3131   warning  Empty block statement                                                      no-empty
  5:8944   warning  Unnecessary escape character: \/                                           no-useless-escape
  5:9249   warning  Expected a conditional expression and instead saw an assignment            no-cond-assign
  5:11457  warning  Expected a conditional expression and instead saw an assignment            no-cond-assign
  5:13339  warning  Expected a conditional expression and instead saw an assignment            no-cond-assign
  5:14928  warning  Expected a conditional expression and instead saw an assignment            no-cond-assign
  5:17106  warning  Empty block statement                                                      no-empty
  5:17183  warning  Empty block statement                                                      no-empty
  5:17815  warning  Empty block statement                                                      no-empty
  5:19831  warning  Expected a conditional expression and instead saw an assignment            no-cond-assign
  5:21404  warning  Expected a conditional expression and instead saw an assignment            no-cond-assign
  5:28326  warning  'define' is not defined                                                    no-undef
  5:28338  warning  'define' is not defined                                                    no-undef
  5:28357  warning  'define' is not defined                                                    no-undef

/home/runner/work/exp-directional-coupler-measuring-iitr/exp-directional-coupler-measuring-iitr/experiment/simulation/js/jsplumb1.js
     68:9   warning  'root' is assigned a value but never used                                  no-unused-vars
    130:18  warning  'i' is already defined                                                     no-redeclare
    184:18  warning  'i' is already defined                                                     no-redeclare
    242:22  warning  'j' is already defined                                                     no-redeclare
    264:56  warning  't' is defined but never used                                              no-unused-vars
    279:26  warning  'j' is already defined                                                     no-redeclare
    582:9   warning  'exports' is not defined                                                   no-undef
    616:1   warning  Unnecessary semicolon                                                      no-extra-semi
    626:9   warning  'exports' is not defined                                                   no-undef
    661:9   warning  '_normal' is assigned a value but never used                               no-unused-vars
    672:9   warning  '_lineLength' is assigned a value but never used                           no-unused-vars
    706:9   warning  '_theta' is assigned a value but never used                                no-unused-vars
    725:9   warning  '_intersects' is assigned a value but never used                           no-unused-vars
    747:9   warning  '_encloses' is assigned a value but never used                             no-unused-vars
    764:9   warning  '_pointOnLine' is assigned a value but never used                          no-unused-vars
    781:9   warning  '_perpendicularLineTo' is assigned a value but never used                  no-unused-vars
    789:1   warning  Unnecessary semicolon                                                      no-extra-semi
    846:28  warning  'view' is defined but never used                                           no-unused-vars
    846:34  warning  'target' is defined but never used                                         no-unused-vars
    846:42  warning  'pageX' is defined but never used                                          no-unused-vars
    846:49  warning  'pageY' is defined but never used                                          no-unused-vars
    846:56  warning  'screenX' is defined but never used                                        no-unused-vars
    846:65  warning  'screenY' is defined but never used                                        no-unused-vars
    846:74  warning  'clientX' is defined but never used                                        no-unused-vars
    846:83  warning  'clientY' is defined but never used                                        no-unused-vars
   1040:58  warning  Do not access Object.prototype method 'hasOwnProperty' from target object  no-prototype-builtins
   1082:39  warning  Do not access Object.prototype method 'hasOwnProperty' from target object  no-prototype-builtins
   1132:9   warning  'touchstart' is assigned a value but never used                            no-unused-vars
   1132:36  warning  'touchend' is assigned a value but never used                              no-unused-vars
   1132:59  warning  'touchmove' is assigned a value but never used                             no-unused-vars
   1137:54  warning  Unnecessary escape character: \.                                           no-useless-escape
   1223:73  warning  Invalid typeof comparison value                                            valid-typeof
   1286:38  warning  Do not access Object.prototype method 'hasOwnProperty' from target object  no-prototype-builtins
   1288:51  warning  Do not access Object.prototype method 'hasOwnProperty' from target object  no-prototype-builtins
   1310:29  warning  'el' is defined but never used                                             no-unused-vars
   1310:33  warning  'event' is defined but never used                                          no-unused-vars
   1310:40  warning  'children' is defined but never used                                       no-unused-vars
   1310:50  warning  'fn' is defined but never used                                             no-unused-vars
   1457:9   warning  'exports' is not defined                                                   no-undef
   1490:1   warning  Unnecessary semicolon                                                      no-extra-semi
   1595:54  warning  Unnecessary escape character: \.                                           no-useless-escape
   1719:42  warning  'scope' is defined but never used                                          no-unused-vars
   1727:13  warning  'scroll' is assigned a value but never used                                no-unused-vars
   1875:13  warning  '_addFilter' is assigned a value but never used                            no-unused-vars
   1876:13  warning  '_removeFilter' is assigned a value but never used                         no-unused-vars
   2091:31  warning  Empty block statement                                                      no-empty
   2280:42  warning  'scope' is defined but never used                                          no-unused-vars
   2300:56  warning  'drag' is defined but never used                                           no-unused-vars
   2388:13  warning  '_getMatchingDroppables' is assigned a value but never used                no-unused-vars
   2432:18  warning  'i' is already defined                                                     no-redeclare
   2754:40  warning  'spec' is defined but never used                                           no-unused-vars
   2777:38  warning  'spec' is defined but never used                                           no-unused-vars
   2862:9   warning  'exports' is not defined                                                   no-undef
   2874:42  warning  'exports' is not defined                                                   no-undef
   2915:19  warning  Do not access Object.prototype method 'hasOwnProperty' from target object  no-prototype-builtins
   3011:26  warning  Unnecessary escape character: \.                                           no-useless-escape
   3012:40  warning  Unnecessary escape character: \[                                           no-useless-escape
   3180:36  warning  '_protoFn' is defined but never used                                       no-unused-vars
   3188:45  warning  Do not access Object.prototype method 'hasOwnProperty' from target object  no-prototype-builtins
   3188:83  warning  Do not access Object.prototype method 'hasOwnProperty' from target object  no-prototype-builtins
   3201:41  warning  Do not access Object.prototype method 'hasOwnProperty' from target object  no-prototype-builtins
   3201:79  warning  Do not access Object.prototype method 'hasOwnProperty' from target object  no-prototype-builtins
   3242:42  warning  Empty block statement                                                      no-empty
   3320:23  warning  Empty block statement                                                      no-empty
   3488:2   warning  Unnecessary semicolon                                                      no-extra-semi
   3553:1   warning  Unnecessary semicolon                                                      no-extra-semi
   3585:9   warning  'eventFilters' is assigned a value but never used                          no-unused-vars
   3604:9   warning  '_each' is assigned a value but never used                                 no-unused-vars
   4583:13  warning  '_setDraggable' is assigned a value but never used                         no-unused-vars
   4807:56  warning  'args' is defined but never used                                           no-unused-vars
   4855:60  warning  'cEl' is assigned a value but never used                                   no-unused-vars
   5481:13  warning  '_unmanage' is assigned a value but never used                             no-unused-vars
   5576:68  warning  'jsPlumbInstance' is assigned a value but never used                       no-unused-vars
   6146:39  warning  'scope' is defined but never used                                          no-unused-vars
   6751:9   warning  'exports' is not defined                                                   no-undef
   6766:1   warning  Unnecessary semicolon                                                      no-extra-semi
   6882:36  warning  'ignoreAttachedElements' is defined but never used                         no-unused-vars
   7059:1   warning  Unnecessary semicolon                                                      no-extra-semi
   7304:41  warning  'doNotRepaint' is defined but never used                                   no-unused-vars
   7309:50  warning  'doNotRepaint' is defined but never used                                   no-unused-vars
   7374:53  warning  'fireEvent' is defined but never used                                      no-unused-vars
   7374:64  warning  'originalEvent' is defined but never used                                  no-unused-vars
   7488:52  warning  Do not access Object.prototype method 'hasOwnProperty' from target object  no-prototype-builtins
   7534:39  warning  'startParams' is defined but never used                                    no-unused-vars
   8111:17  warning  'elId' is assigned a value but never used                                  no-unused-vars
   8348:1   warning  Unnecessary semicolon                                                      no-extra-semi
   8865:52  warning  Do not access Object.prototype method 'hasOwnProperty' from target object  no-prototype-builtins
   8889:52  warning  Do not access Object.prototype method 'hasOwnProperty' from target object  no-prototype-builtins
   8901:21  warning  'jsPlumb' is not defined                                                   no-undef
   8984:1   warning  Unnecessary semicolon                                                      no-extra-semi
   9709:27  warning  'Biltong' is not defined                                                   no-undef
  10061:23  warning  'jsPlumbUtil' is not defined                                               no-undef
  10293:1   warning  Unnecessary semicolon                                                      no-extra-semi
  10323:53  warning  'x' is defined but never used                                              no-unused-vars
  10323:56  warning  'y' is defined but never used                                              no-unused-vars
  10350:46  warning  'x1' is defined but never used                                             no-unused-vars
  10350:50  warning  'y1' is defined but never used                                             no-unused-vars
  10350:54  warning  'x2' is defined but never used                                             no-unused-vars
  10350:58  warning  'y2' is defined but never used                                             no-unused-vars
  10383:17  warning  '_super' is assigned a value but never used                                no-unused-vars
  10441:46  warning  '_' is defined but never used                                              no-unused-vars
  10643:17  warning  '_super' is assigned a value but never used                                no-unused-vars
  10789:17  warning  '_super' is assigned a value but never used                                no-unused-vars
  11112:13  warning  'dumpSegmentsToConsole' is assigned a value but never used                 no-unused-vars
  11168:48  warning  'anchorPoint' is defined but never used                                    no-unused-vars
  11168:61  warning  'orientation' is defined but never used                                    no-unused-vars
  11168:74  warning  'endpointStyle' is defined but never used                                  no-unused-vars
  11168:89  warning  'connectorPaintStyle' is defined but never used                            no-unused-vars
  11201:13  warning  '_super' is assigned a value but never used                                no-unused-vars
  11207:76  warning  'connectorPaintStyle' is defined but never used                            no-unused-vars
  11228:13  warning  '_super' is assigned a value but never used                                no-unused-vars
  11233:76  warning  'connectorPaintStyle' is defined but never used                            no-unused-vars
  11244:40  warning  'params' is defined but never used                                         no-unused-vars
  11322:48  warning  'orientation' is defined but never used                                    no-unused-vars
  11322:61  warning  'endpointStyle' is defined but never used                                  no-unused-vars
  11322:76  warning  'connectorPaintStyle' is defined but never used                            no-unused-vars
  11348:40  warning  'd' is defined but never used                                              no-unused-vars
  11348:43  warning  'style' is defined but never used                                          no-unused-vars
  11348:50  warning  'anchor' is defined but never used                                         no-unused-vars
  11391:13  warning  '_super' is assigned a value but never used                                no-unused-vars
  11394:48  warning  'orientation' is defined but never used                                    no-unused-vars
  11394:61  warning  'endpointStyle' is defined but never used                                  no-unused-vars
  11394:76  warning  'connectorPaintStyle' is defined but never used                            no-unused-vars
  11410:32  warning  'style' is defined but never used                                          no-unused-vars
  11410:39  warning  'anchor' is defined but never used                                         no-unused-vars
  11443:76  warning  'connectorPaintStyle' is defined but never used                            no-unused-vars
  11472:27  warning  'instance' is defined but never used                                       no-unused-vars
  11472:37  warning  'component' is defined but never used                                      no-unused-vars
  11541:43  warning  'component' is defined but never used                                      no-unused-vars
  11705:17  warning  'jsPlumb' is not defined                                                   no-undef
  11812:37  warning  'component' is defined but never used                                      no-unused-vars
  11822:29  warning  'containerExtents' is defined but never used                               no-unused-vars
  11850:37  warning  'params' is defined but never used                                         no-unused-vars
  11863:42  warning  'currentConnectionPaintStyle' is defined but never used                    no-unused-vars
  11907:13  warning  'labelWidth' is assigned a value but never used                            no-unused-vars
  11907:32  warning  'labelHeight' is assigned a value but never used                           no-unused-vars
  11907:52  warning  'labelText' is assigned a value but never used                             no-unused-vars
  11907:70  warning  'labelPadding' is assigned a value but never used                          no-unused-vars
  11997:1   warning  Unnecessary semicolon                                                      no-extra-semi
  12441:35  warning  'conn' is defined but never used                                           no-unused-vars
  12441:41  warning  'endpointIndex' is defined but never used                                  no-unused-vars
  12445:37  warning  'conn' is defined but never used                                           no-unused-vars
  12445:43  warning  'endpointIndex' is defined but never used                                  no-unused-vars
  12453:56  warning  'jsPlumb' is not defined                                                   no-undef
  12489:38  warning  '_el' is defined but never used                                            no-unused-vars
  12489:43  warning  'targetGroup' is defined but never used                                    no-unused-vars
  12539:25  warning  'jsPlumbUtil' is not defined                                               no-undef
  12883:1   warning  Unnecessary semicolon                                                      no-extra-semi
  12899:41  warning  'lastOrientation' is assigned a value but never used                       no-unused-vars
  12903:13  warning  'loopbackRadius' is assigned a value but never used                        no-unused-vars
  12904:13  warning  'isLoopbackCurrently' is assigned a value but never used                   no-unused-vars
  13248:1   warning  Unnecessary semicolon                                                      no-extra-semi
  13257:13  warning  'curviness' is assigned a value but never used                             no-unused-vars
  13259:13  warning  'proximityLimit' is assigned a value but never used                        no-unused-vars
  13262:13  warning  'isLoopbackCurrently' is assigned a value but never used                   no-unused-vars
  13401:1   warning  Unnecessary semicolon                                                      no-extra-semi
  13496:13  warning  'clockwise' is assigned a value but never used                             no-unused-vars
  13596:1   warning  Unnecessary semicolon                                                      no-extra-semi
  13603:30  warning  'params' is defined but never used                                         no-unused-vars
  13607:46  warning  '_' is defined but never used                                              no-unused-vars
  13628:1   warning  Unnecessary semicolon                                                      no-extra-semi
  14033:35  warning  'style' is defined but never used                                          no-unused-vars
  14056:35  warning  'style' is defined but never used                                          no-unused-vars
  14092:13  warning  'self' is assigned a value but never used                                  no-unused-vars
  14251:1   warning  Unnecessary semicolon                                                      no-extra-semi
  14444:39  warning  'jsPlumb' is not defined                                                   no-undef
  14473:29  warning  'jsPlumb' is not defined                                                   no-undef
  14480:38  warning  Do not access Object.prototype method 'hasOwnProperty' from target object  no-prototype-builtins
  14481:39  warning  'jsPlumb' is not defined                                                   no-undef
  14548:40  warning  Do not access Object.prototype method 'hasOwnProperty' from target object  no-prototype-builtins
  14639:22  warning  'jsPlumb' is not defined                                                   no-undef
  14644:24  warning  'jsPlumb' is not defined                                                   no-undef
  14770:26  warning  Do not access Object.prototype method 'hasOwnProperty' from target object  no-prototype-builtins
  14783:13  warning  'jsPlumb' is not defined                                                   no-undef
  14788:18  warning  'jsPlumb' is not defined                                                   no-undef
  14797:13  warning  'jsPlumb' is not defined                                                   no-undef
  14802:17  warning  'jsPlumb' is not defined                                                   no-undef
  14803:17  warning  'jsPlumb' is not defined                                                   no-undef
  14805:17  warning  'jsPlumb' is not defined                                                   no-undef
  14809:13  warning  'jsPlumb' is not defined                                                   no-undef
  14815:17  warning  'jsPlumb' is not defined                                                   no-undef
  14853:18  warning  'jsPlumb' is not defined                                                   no-undef
  14901:22  warning  'jsPlumb' is not defined                                                   no-undef
  14982:20  warning  'jsPlumb' is not defined                                                   no-undef
  14996:13  warning  'jsPlumb' is not defined                                                   no-undef
  15008:18  warning  'jsPlumb' is not defined                                                   no-undef
  15011:25  warning  'jsPlumb' is not defined                                                   no-undef
  15013:35  warning  'jsPlumb' is not defined                                                   no-undef
  15014:30  warning  'jsPlumb' is not defined                                                   no-undef
  15015:45  warning  'jsPlumb' is not defined                                                   no-undef
  15016:45  warning  'jsPlumb' is not defined                                                   no-undef
  15017:46  warning  'jsPlumb' is not defined                                                   no-undef
  15133:36  warning  'el' is defined but never used                                             no-unused-vars
  15133:40  warning  'options' is defined but never used                                        no-unused-vars
  15136:36  warning  'el' is defined but never used                                             no-unused-vars
  15136:40  warning  'options' is defined but never used                                        no-unused-vars
  15152:45  warning  'zoom' is defined but never used                                           no-unused-vars
  15192:33  warning  'spec' is defined but never used                                           no-unused-vars
  15201:31  warning  'spec' is defined but never used                                           no-unused-vars
  15210:38  warning  'posseId' is defined but never used                                        no-unused-vars
  15263:23  warning  'el' is defined but never used                                             no-unused-vars
  15263:27  warning  'event' is defined but never used                                          no-unused-vars
  15263:34  warning  'callback' is defined but never used                                       no-unused-vars
  15272:24  warning  'el' is defined but never used                                             no-unused-vars
  15272:28  warning  'event' is defined but never used                                          no-unused-vars
  15272:35  warning  'callback' is defined but never used                                       no-unused-vars

/home/runner/work/exp-directional-coupler-measuring-iitr/exp-directional-coupler-measuring-iitr/experiment/simulation/js/knockout-2.2.1.js
   5:100  warning  Unnecessary semicolon                                                      no-extra-semi
   8:3    warning  Expected a conditional expression and instead saw an assignment            no-cond-assign
   8:163  warning  'g' is already defined                                                     no-redeclare
   9:497  warning  Do not access Object.prototype method 'hasOwnProperty' from target object  no-prototype-builtins
  10:481  warning  Expected a conditional expression and instead saw an assignment            no-cond-assign
  12:245  warning  Expected a conditional expression and instead saw an assignment            no-cond-assign
  12:410  warning  Expected a conditional expression and instead saw an assignment            no-cond-assign
  14:467  warning  'c' is already defined                                                     no-redeclare
  17:108  warning  'c' is already defined                                                     no-redeclare
  19:106  warning  Do not access Object.prototype method 'hasOwnProperty' from target object  no-prototype-builtins
  24:204  warning  Empty block statement                                                      no-empty
  24:284  warning  'a.style.zoom' is assigned to itself                                       no-self-assign
  26:377  warning  'g' is already defined                                                     no-redeclare
  30:299  warning  'e' is already defined                                                     no-redeclare
  30:461  warning  Expected a conditional expression and instead saw an assignment            no-cond-assign
  35:298  warning  Expected a conditional expression and instead saw an assignment            no-cond-assign
  35:319  warning  Unnecessary escape character: \:                                           no-useless-escape
  37:419  warning  Do not access Object.prototype method 'hasOwnProperty' from target object  no-prototype-builtins
  45:470  warning  'w' is already defined                                                     no-redeclare
  48:280  warning  Unnecessary escape character: \@                                           no-useless-escape
  48:296  warning  Unnecessary escape character: \@                                           no-useless-escape
  49:200  warning  'd' is already defined                                                     no-redeclare
  49:238  warning  'f' is already defined                                                     no-redeclare
  49:262  warning  'c' is already defined                                                     no-redeclare
  49:289  warning  'f' is already defined                                                     no-redeclare
  50:344  warning  Expected a conditional expression and instead saw an assignment            no-cond-assign
  52:430  warning  Unnecessary escape character: \:                                           no-useless-escape
  52:473  warning  Unnecessary escape character: \:                                           no-useless-escape
  54:307  warning  Expected a conditional expression and instead saw an assignment            no-cond-assign
  55:15   warning  Expected a conditional expression and instead saw an assignment            no-cond-assign
  55:35   warning  Expected a conditional expression and instead saw an assignment            no-cond-assign
  55:131  warning  Expected a conditional expression and instead saw an assignment            no-cond-assign
  59:77   warning  Expected a conditional expression and instead saw an assignment            no-cond-assign
  66:126  warning  'l' is already defined                                                     no-redeclare
  72:377  warning  Unnecessary escape character: \-                                           no-useless-escape
  72:384  warning  Unnecessary escape character: \"                                           no-useless-escape
  72:388  warning  Unnecessary escape character: \"                                           no-useless-escape
  72:392  warning  Unnecessary escape character: \"                                           no-useless-escape
  72:395  warning  Unnecessary escape character: \'                                           no-useless-escape
  72:399  warning  Unnecessary escape character: \'                                           no-useless-escape
  72:403  warning  Unnecessary escape character: \'                                           no-useless-escape
  73:432  warning  'a' is already defined                                                     no-redeclare
  76:147  warning  'h' is already defined                                                     no-redeclare
  80:287  warning  'n' is already defined                                                     no-redeclare
  80:302  warning  Expected a conditional expression and instead saw an assignment            no-cond-assign
  81:135  warning  'D' is already defined                                                     no-redeclare
  81:139  warning  'k' is already defined                                                     no-redeclare
  81:161  warning  Expected a conditional expression and instead saw an assignment            no-cond-assign
  81:219  warning  Expected a conditional expression and instead saw an assignment            no-cond-assign
  82:402  warning  Empty block statement                                                      no-empty
  84:251  warning  'module' is not defined                                                    no-undef
  84:267  warning  'exports' is not defined                                                   no-undef
  84:304  warning  'define' is not defined                                                    no-undef
  84:315  warning  'define' is not defined                                                    no-undef

/home/runner/work/exp-directional-coupler-measuring-iitr/exp-directional-coupler-measuring-iitr/experiment/simulation/js/sevenSeg.js
  136:27  warning  Do not access Object.prototype method 'hasOwnProperty' from target object  no-prototype-builtins
  318:17  warning  'ko' is not defined                                                        no-undef
  319:2   warning  'ko' is not defined                                                        no-undef
  320:1   warning  Mixed spaces and tabs                                                      no-mixed-spaces-and-tabs
  320:46  warning  'allBindingsAccessor' is defined but never used                            no-unused-vars
  320:67  warning  'viewModel' is defined but never used                                      no-unused-vars
  320:78  warning  'bindingContext' is defined but never used                                 no-unused-vars
  321:1   warning  Mixed spaces and tabs                                                      no-mixed-spaces-and-tabs
  322:1   warning  Mixed spaces and tabs                                                      no-mixed-spaces-and-tabs
  322:30  warning  'ko' is not defined                                                        no-undef
  324:1   warning  Mixed spaces and tabs                                                      no-mixed-spaces-and-tabs
  326:1   warning  Mixed spaces and tabs                                                      no-mixed-spaces-and-tabs
  326:14  warning  'ko' is not defined                                                        no-undef
  327:1   warning  Mixed spaces and tabs                                                      no-mixed-spaces-and-tabs
  328:1   warning  Mixed spaces and tabs                                                      no-mixed-spaces-and-tabs
  329:1   warning  Mixed spaces and tabs                                                      no-mixed-spaces-and-tabs
  330:1   warning  Mixed spaces and tabs                                                      no-mixed-spaces-and-tabs
  331:1   warning  Mixed spaces and tabs                                                      no-mixed-spaces-and-tabs
  333:1   warning  Mixed spaces and tabs                                                      no-mixed-spaces-and-tabs
  333:48  warning  'allBindingsAccessor' is defined but never used                            no-unused-vars
  333:69  warning  'viewModel' is defined but never used                                      no-unused-vars
  333:80  warning  'bindingContext' is defined but never used                                 no-unused-vars
  334:24  warning  'ko' is not defined                                                        no-undef
  339:10  warning  'jQuery' is not defined                                                    no-undef

 722 problems (1 error, 721 warnings)
  0 errors and 45 warnings potentially fixable with the `--fix` option.

